<?xml version="1.0" encoding="utf-8"?>
<coverage line-rate="0.5602" branch-rate="0.5052" version="1.9" timestamp="1765768189" lines-covered="1595" lines-valid="2847" branches-covered="575" branches-valid="1138">
  <sources>
    <source>/home/brett/Projects/majik/Majik.Core/</source>
  </sources>
  <packages>
    <package name="Majik.Core" line-rate="0.5602" branch-rate="0.5052" complexity="1486">
      <classes>
        <class name="Majik.Core.Zones.Zone" filename="Zones/Zone.cs" line-rate="1" branch-rate="1" complexity="12">
          <methods>
            <method name="get_Type" signature="()" line-rate="1" branch-rate="1" complexity="1">
              <lines>
                <line number="13" hits="18" branch="False" />
              </lines>
            </method>
            <method name="get_Name" signature="()" line-rate="1" branch-rate="1" complexity="1">
              <lines>
                <line number="14" hits="1" branch="False" />
              </lines>
            </method>
            <method name="get_Count" signature="()" line-rate="1" branch-rate="1" complexity="1">
              <lines>
                <line number="15" hits="5" branch="False" />
              </lines>
            </method>
            <method name="AddCard" signature="(Majik.Core.Cards.ICard)" line-rate="1" branch-rate="1" complexity="4">
              <lines>
                <line number="24" hits="19" branch="False" />
                <line number="25" hits="19" branch="True" condition-coverage="100% (2/2)">
                  <conditions>
                    <condition number="7" type="jump" coverage="100%" />
                  </conditions>
                </line>
                <line number="26" hits="1" branch="False" />
                <line number="27" hits="1" branch="False" />
                <line number="30" hits="18" branch="True" condition-coverage="100% (2/2)">
                  <conditions>
                    <condition number="38" type="jump" coverage="100%" />
                  </conditions>
                </line>
                <line number="31" hits="17" branch="False" />
                <line number="32" hits="17" branch="False" />
                <line number="34" hits="17" branch="False" />
                <line number="35" hits="17" branch="False" />
                <line number="36" hits="18" branch="False" />
              </lines>
            </method>
            <method name="RemoveCard" signature="(Majik.Core.Cards.ICard)" line-rate="1" branch-rate="1" complexity="1">
              <lines>
                <line number="39" hits="2" branch="False" />
                <line number="40" hits="2" branch="False" />
                <line number="41" hits="2" branch="False" />
              </lines>
            </method>
            <method name="ContainsCard" signature="(Majik.Core.Cards.ICard)" line-rate="1" branch-rate="1" complexity="1">
              <lines>
                <line number="44" hits="4" branch="False" />
                <line number="45" hits="4" branch="False" />
                <line number="46" hits="4" branch="False" />
              </lines>
            </method>
            <method name="GetCards" signature="()" line-rate="1" branch-rate="1" complexity="1">
              <lines>
                <line number="49" hits="1" branch="False" />
                <line number="50" hits="1" branch="False" />
                <line number="51" hits="1" branch="False" />
              </lines>
            </method>
            <method name="Clear" signature="()" line-rate="1" branch-rate="1" complexity="1">
              <lines>
                <line number="54" hits="1" branch="False" />
                <line number="55" hits="1" branch="False" />
                <line number="56" hits="1" branch="False" />
              </lines>
            </method>
            <method name=".ctor" signature="(Majik.Core.Zones.ZoneType,System.String)" line-rate="1" branch-rate="1" complexity="1">
              <lines>
                <line number="11" hits="1088" branch="False" />
                <line number="17" hits="1088" branch="False" />
                <line number="18" hits="1088" branch="False" />
                <line number="19" hits="1088" branch="False" />
                <line number="20" hits="1088" branch="False" />
                <line number="21" hits="1088" branch="False" />
              </lines>
            </method>
          </methods>
          <lines>
            <line number="13" hits="18" branch="False" />
            <line number="14" hits="1" branch="False" />
            <line number="15" hits="5" branch="False" />
            <line number="24" hits="19" branch="False" />
            <line number="25" hits="19" branch="True" condition-coverage="100% (2/2)">
              <conditions>
                <condition number="7" type="jump" coverage="100%" />
              </conditions>
            </line>
            <line number="26" hits="1" branch="False" />
            <line number="27" hits="1" branch="False" />
            <line number="30" hits="18" branch="True" condition-coverage="100% (2/2)">
              <conditions>
                <condition number="38" type="jump" coverage="100%" />
              </conditions>
            </line>
            <line number="31" hits="17" branch="False" />
            <line number="32" hits="17" branch="False" />
            <line number="34" hits="17" branch="False" />
            <line number="35" hits="17" branch="False" />
            <line number="36" hits="18" branch="False" />
            <line number="39" hits="2" branch="False" />
            <line number="40" hits="2" branch="False" />
            <line number="41" hits="2" branch="False" />
            <line number="44" hits="4" branch="False" />
            <line number="45" hits="4" branch="False" />
            <line number="46" hits="4" branch="False" />
            <line number="49" hits="1" branch="False" />
            <line number="50" hits="1" branch="False" />
            <line number="51" hits="1" branch="False" />
            <line number="54" hits="1" branch="False" />
            <line number="55" hits="1" branch="False" />
            <line number="56" hits="1" branch="False" />
            <line number="11" hits="1088" branch="False" />
            <line number="17" hits="1088" branch="False" />
            <line number="18" hits="1088" branch="False" />
            <line number="19" hits="1088" branch="False" />
            <line number="20" hits="1088" branch="False" />
            <line number="21" hits="1088" branch="False" />
          </lines>
        </class>
        <class name="Majik.Core.Zones.ZoneManager" filename="Zones/ZoneManager.cs" line-rate="0.4857" branch-rate="0" complexity="14">
          <methods>
            <method name="InitializeZones" signature="()" line-rate="1" branch-rate="1" complexity="1">
              <lines>
                <line number="26" hits="154" branch="False" />
                <line number="27" hits="154" branch="False" />
                <line number="28" hits="154" branch="False" />
                <line number="29" hits="154" branch="False" />
                <line number="30" hits="154" branch="False" />
                <line number="31" hits="154" branch="False" />
                <line number="32" hits="154" branch="False" />
                <line number="33" hits="154" branch="False" />
                <line number="34" hits="154" branch="False" />
              </lines>
            </method>
            <method name="GetZone" signature="(Majik.Core.Zones.ZoneType)" line-rate="0" branch-rate="1" complexity="1">
              <lines>
                <line number="40" hits="0" branch="False" />
                <line number="41" hits="0" branch="False" />
                <line number="42" hits="0" branch="False" />
              </lines>
            </method>
            <method name="MoveCard" signature="(Majik.Core.Cards.ICard,Majik.Core.Zones.ZoneType,Majik.Core.Zones.ZoneType)" line-rate="0" branch-rate="0" complexity="4">
              <lines>
                <line number="48" hits="0" branch="False" />
                <line number="49" hits="0" branch="False" />
                <line number="50" hits="0" branch="False" />
                <line number="52" hits="0" branch="True" condition-coverage="0% (0/2)">
                  <conditions>
                    <condition number="36" type="jump" coverage="0%" />
                  </conditions>
                </line>
                <line number="53" hits="0" branch="False" />
                <line number="54" hits="0" branch="False" />
                <line number="55" hits="0" branch="True" condition-coverage="0% (0/2)">
                  <conditions>
                    <condition number="54" type="jump" coverage="0%" />
                  </conditions>
                </line>
                <line number="56" hits="0" branch="False" />
                <line number="57" hits="0" branch="False" />
              </lines>
            </method>
            <method name="get_Library" signature="()" line-rate="0" branch-rate="1" complexity="1">
              <lines>
                <line number="62" hits="0" branch="False" />
              </lines>
            </method>
            <method name="get_Hand" signature="()" line-rate="1" branch-rate="1" complexity="1">
              <lines>
                <line number="67" hits="9" branch="False" />
              </lines>
            </method>
            <method name="get_Battlefield" signature="()" line-rate="0" branch-rate="1" complexity="1">
              <lines>
                <line number="72" hits="0" branch="False" />
              </lines>
            </method>
            <method name="get_Graveyard" signature="()" line-rate="0" branch-rate="1" complexity="1">
              <lines>
                <line number="77" hits="0" branch="False" />
              </lines>
            </method>
            <method name="get_Exile" signature="()" line-rate="0" branch-rate="1" complexity="1">
              <lines>
                <line number="82" hits="0" branch="False" />
              </lines>
            </method>
            <method name="get_Stack" signature="()" line-rate="0" branch-rate="1" complexity="1">
              <lines>
                <line number="87" hits="0" branch="False" />
              </lines>
            </method>
            <method name="get_Command" signature="()" line-rate="0" branch-rate="1" complexity="1">
              <lines>
                <line number="92" hits="0" branch="False" />
              </lines>
            </method>
            <method name=".ctor" signature="(Majik.Core.Players.Player,Majik.Core.Events.IEventBus)" line-rate="1" branch-rate="1" complexity="1">
              <lines>
                <line number="12" hits="154" branch="False" />
                <line number="16" hits="154" branch="False" />
                <line number="17" hits="154" branch="False" />
                <line number="18" hits="154" branch="False" />
                <line number="19" hits="154" branch="False" />
                <line number="22" hits="154" branch="False" />
                <line number="23" hits="154" branch="False" />
              </lines>
            </method>
          </methods>
          <lines>
            <line number="26" hits="154" branch="False" />
            <line number="27" hits="154" branch="False" />
            <line number="28" hits="154" branch="False" />
            <line number="29" hits="154" branch="False" />
            <line number="30" hits="154" branch="False" />
            <line number="31" hits="154" branch="False" />
            <line number="32" hits="154" branch="False" />
            <line number="33" hits="154" branch="False" />
            <line number="34" hits="154" branch="False" />
            <line number="40" hits="0" branch="False" />
            <line number="41" hits="0" branch="False" />
            <line number="42" hits="0" branch="False" />
            <line number="48" hits="0" branch="False" />
            <line number="49" hits="0" branch="False" />
            <line number="50" hits="0" branch="False" />
            <line number="52" hits="0" branch="True" condition-coverage="0% (0/2)">
              <conditions>
                <condition number="36" type="jump" coverage="0%" />
              </conditions>
            </line>
            <line number="53" hits="0" branch="False" />
            <line number="54" hits="0" branch="False" />
            <line number="55" hits="0" branch="True" condition-coverage="0% (0/2)">
              <conditions>
                <condition number="54" type="jump" coverage="0%" />
              </conditions>
            </line>
            <line number="56" hits="0" branch="False" />
            <line number="57" hits="0" branch="False" />
            <line number="62" hits="0" branch="False" />
            <line number="67" hits="9" branch="False" />
            <line number="72" hits="0" branch="False" />
            <line number="77" hits="0" branch="False" />
            <line number="82" hits="0" branch="False" />
            <line number="87" hits="0" branch="False" />
            <line number="92" hits="0" branch="False" />
            <line number="12" hits="154" branch="False" />
            <line number="16" hits="154" branch="False" />
            <line number="17" hits="154" branch="False" />
            <line number="18" hits="154" branch="False" />
            <line number="19" hits="154" branch="False" />
            <line number="22" hits="154" branch="False" />
            <line number="23" hits="154" branch="False" />
          </lines>
        </class>
        <class name="Majik.Core.ValueObjects.CardIdentity" filename="ValueObjects/CardIdentity.cs" line-rate="1" branch-rate="0.875" complexity="25">
          <methods>
            <method name="get_Name" signature="()" line-rate="1" branch-rate="1" complexity="1">
              <lines>
                <line number="12" hits="20" branch="False" />
              </lines>
            </method>
            <method name="get_SetCode" signature="()" line-rate="1" branch-rate="1" complexity="1">
              <lines>
                <line number="17" hits="20" branch="False" />
              </lines>
            </method>
            <method name="get_CollectorNumber" signature="()" line-rate="1" branch-rate="1" complexity="1">
              <lines>
                <line number="22" hits="14" branch="False" />
              </lines>
            </method>
            <method name="FromName" signature="(System.String)" line-rate="1" branch-rate="1" complexity="1">
              <lines>
                <line number="40" hits="5" branch="False" />
                <line number="41" hits="5" branch="False" />
                <line number="42" hits="2" branch="False" />
              </lines>
            </method>
            <method name="Create" signature="(System.String,System.String,System.String)" line-rate="1" branch-rate="1" complexity="1">
              <lines>
                <line number="48" hits="14" branch="False" />
                <line number="49" hits="14" branch="False" />
                <line number="50" hits="14" branch="False" />
              </lines>
            </method>
            <method name="Equals" signature="(Majik.Core.ValueObjects.CardIdentity)" line-rate="1" branch-rate="0.75" complexity="8">
              <lines>
                <line number="53" hits="6" branch="False" />
                <line number="54" hits="6" branch="True" condition-coverage="50% (1/2)">
                  <conditions>
                    <condition number="7" type="jump" coverage="50%" />
                  </conditions>
                </line>
                <line number="55" hits="6" branch="True" condition-coverage="50% (1/2)">
                  <conditions>
                    <condition number="19" type="jump" coverage="50%" />
                  </conditions>
                </line>
                <line number="57" hits="6" branch="True" condition-coverage="100% (4/4)">
                  <conditions>
                    <condition number="42" type="jump" coverage="100%" />
                    <condition number="61" type="jump" coverage="100%" />
                  </conditions>
                </line>
                <line number="58" hits="6" branch="False" />
                <line number="59" hits="6" branch="False" />
                <line number="60" hits="6" branch="False" />
              </lines>
            </method>
            <method name="Equals" signature="(System.Object)" line-rate="1" branch-rate="1" complexity="1">
              <lines>
                <line number="63" hits="2" branch="False" />
                <line number="64" hits="2" branch="False" />
                <line number="65" hits="2" branch="False" />
              </lines>
            </method>
            <method name="GetHashCode" signature="()" line-rate="1" branch-rate="1" complexity="1">
              <lines>
                <line number="68" hits="2" branch="False" />
                <line number="69" hits="2" branch="False" />
                <line number="70" hits="2" branch="False" />
              </lines>
            </method>
            <method name="op_Equality" signature="(Majik.Core.ValueObjects.CardIdentity,Majik.Core.ValueObjects.CardIdentity)" line-rate="1" branch-rate="1" complexity="1">
              <lines>
                <line number="73" hits="1" branch="False" />
                <line number="74" hits="1" branch="False" />
                <line number="75" hits="1" branch="False" />
              </lines>
            </method>
            <method name="op_Inequality" signature="(Majik.Core.ValueObjects.CardIdentity,Majik.Core.ValueObjects.CardIdentity)" line-rate="1" branch-rate="1" complexity="1">
              <lines>
                <line number="78" hits="1" branch="False" />
                <line number="79" hits="1" branch="False" />
                <line number="80" hits="1" branch="False" />
              </lines>
            </method>
            <method name="ToString" signature="()" line-rate="1" branch-rate="1" complexity="6">
              <lines>
                <line number="83" hits="3" branch="False" />
                <line number="84" hits="3" branch="True" condition-coverage="100% (4/4)">
                  <conditions>
                    <condition number="7" type="jump" coverage="100%" />
                    <condition number="23" type="jump" coverage="100%" />
                  </conditions>
                </line>
                <line number="85" hits="1" branch="False" />
                <line number="86" hits="1" branch="False" />
                <line number="88" hits="2" branch="True" condition-coverage="100% (2/2)">
                  <conditions>
                    <condition number="137" type="jump" coverage="100%" />
                  </conditions>
                </line>
                <line number="89" hits="1" branch="False" />
                <line number="90" hits="1" branch="False" />
                <line number="92" hits="1" branch="False" />
                <line number="93" hits="3" branch="False" />
              </lines>
            </method>
            <method name=".ctor" signature="(System.String,System.String,System.String)" line-rate="1" branch-rate="1" complexity="2">
              <lines>
                <line number="24" hits="19" branch="False" />
                <line number="25" hits="19" branch="False" />
                <line number="26" hits="19" branch="True" condition-coverage="100% (2/2)">
                  <conditions>
                    <condition number="16" type="jump" coverage="100%" />
                  </conditions>
                </line>
                <line number="27" hits="3" branch="False" />
                <line number="28" hits="3" branch="False" />
                <line number="31" hits="16" branch="False" />
                <line number="32" hits="16" branch="False" />
                <line number="33" hits="16" branch="False" />
                <line number="34" hits="16" branch="False" />
              </lines>
            </method>
          </methods>
          <lines>
            <line number="12" hits="20" branch="False" />
            <line number="17" hits="20" branch="False" />
            <line number="22" hits="14" branch="False" />
            <line number="40" hits="5" branch="False" />
            <line number="41" hits="5" branch="False" />
            <line number="42" hits="2" branch="False" />
            <line number="48" hits="14" branch="False" />
            <line number="49" hits="14" branch="False" />
            <line number="50" hits="14" branch="False" />
            <line number="53" hits="6" branch="False" />
            <line number="54" hits="6" branch="True" condition-coverage="50% (1/2)">
              <conditions>
                <condition number="7" type="jump" coverage="50%" />
              </conditions>
            </line>
            <line number="55" hits="6" branch="True" condition-coverage="50% (1/2)">
              <conditions>
                <condition number="19" type="jump" coverage="50%" />
              </conditions>
            </line>
            <line number="57" hits="6" branch="True" condition-coverage="100% (4/4)">
              <conditions>
                <condition number="42" type="jump" coverage="100%" />
                <condition number="61" type="jump" coverage="100%" />
              </conditions>
            </line>
            <line number="58" hits="6" branch="False" />
            <line number="59" hits="6" branch="False" />
            <line number="60" hits="6" branch="False" />
            <line number="63" hits="2" branch="False" />
            <line number="64" hits="2" branch="False" />
            <line number="65" hits="2" branch="False" />
            <line number="68" hits="2" branch="False" />
            <line number="69" hits="2" branch="False" />
            <line number="70" hits="2" branch="False" />
            <line number="73" hits="1" branch="False" />
            <line number="74" hits="1" branch="False" />
            <line number="75" hits="1" branch="False" />
            <line number="78" hits="1" branch="False" />
            <line number="79" hits="1" branch="False" />
            <line number="80" hits="1" branch="False" />
            <line number="83" hits="3" branch="False" />
            <line number="84" hits="3" branch="True" condition-coverage="100% (4/4)">
              <conditions>
                <condition number="7" type="jump" coverage="100%" />
                <condition number="23" type="jump" coverage="100%" />
              </conditions>
            </line>
            <line number="85" hits="1" branch="False" />
            <line number="86" hits="1" branch="False" />
            <line number="88" hits="2" branch="True" condition-coverage="100% (2/2)">
              <conditions>
                <condition number="137" type="jump" coverage="100%" />
              </conditions>
            </line>
            <line number="89" hits="1" branch="False" />
            <line number="90" hits="1" branch="False" />
            <line number="92" hits="1" branch="False" />
            <line number="93" hits="3" branch="False" />
            <line number="24" hits="19" branch="False" />
            <line number="25" hits="19" branch="False" />
            <line number="26" hits="19" branch="True" condition-coverage="100% (2/2)">
              <conditions>
                <condition number="16" type="jump" coverage="100%" />
              </conditions>
            </line>
            <line number="27" hits="3" branch="False" />
            <line number="28" hits="3" branch="False" />
            <line number="31" hits="16" branch="False" />
            <line number="32" hits="16" branch="False" />
            <line number="33" hits="16" branch="False" />
            <line number="34" hits="16" branch="False" />
          </lines>
        </class>
        <class name="Majik.Core.ValueObjects.LifeTotal" filename="ValueObjects/LifeTotal.cs" line-rate="1" branch-rate="0.75" complexity="19">
          <methods>
            <method name="get_Value" signature="()" line-rate="1" branch-rate="1" complexity="1">
              <lines>
                <line number="12" hits="69" branch="False" />
              </lines>
            </method>
            <method name="get_HasLost" signature="()" line-rate="1" branch-rate="1" complexity="1">
              <lines>
                <line number="17" hits="18" branch="False" />
              </lines>
            </method>
            <method name="Create" signature="(System.Int32)" line-rate="1" branch-rate="1" complexity="1">
              <lines>
                <line number="28" hits="171" branch="False" />
                <line number="31" hits="171" branch="False" />
                <line number="32" hits="171" branch="False" />
              </lines>
            </method>
            <method name="get_Default" signature="()" line-rate="1" branch-rate="1" complexity="1">
              <lines>
                <line number="37" hits="1" branch="False" />
              </lines>
            </method>
            <method name="Add" signature="(System.Int32)" line-rate="1" branch-rate="1" complexity="2">
              <lines>
                <line number="43" hits="3" branch="False" />
                <line number="44" hits="3" branch="True" condition-coverage="100% (2/2)">
                  <conditions>
                    <condition number="7" type="jump" coverage="100%" />
                  </conditions>
                </line>
                <line number="45" hits="1" branch="False" />
                <line number="46" hits="1" branch="False" />
                <line number="48" hits="2" branch="False" />
                <line number="49" hits="2" branch="False" />
              </lines>
            </method>
            <method name="Subtract" signature="(System.Int32)" line-rate="1" branch-rate="1" complexity="2">
              <lines>
                <line number="55" hits="14" branch="False" />
                <line number="56" hits="14" branch="True" condition-coverage="100% (2/2)">
                  <conditions>
                    <condition number="7" type="jump" coverage="100%" />
                  </conditions>
                </line>
                <line number="57" hits="1" branch="False" />
                <line number="58" hits="1" branch="False" />
                <line number="60" hits="13" branch="False" />
                <line number="61" hits="13" branch="False" />
              </lines>
            </method>
            <method name="Equals" signature="(Majik.Core.ValueObjects.LifeTotal)" line-rate="1" branch-rate="0.5" complexity="4">
              <lines>
                <line number="64" hits="4" branch="False" />
                <line number="65" hits="4" branch="True" condition-coverage="50% (1/2)">
                  <conditions>
                    <condition number="7" type="jump" coverage="50%" />
                  </conditions>
                </line>
                <line number="66" hits="4" branch="True" condition-coverage="50% (1/2)">
                  <conditions>
                    <condition number="19" type="jump" coverage="50%" />
                  </conditions>
                </line>
                <line number="67" hits="4" branch="False" />
                <line number="68" hits="4" branch="False" />
              </lines>
            </method>
            <method name="Equals" signature="(System.Object)" line-rate="1" branch-rate="1" complexity="1">
              <lines>
                <line number="71" hits="2" branch="False" />
                <line number="72" hits="2" branch="False" />
                <line number="73" hits="2" branch="False" />
              </lines>
            </method>
            <method name="GetHashCode" signature="()" line-rate="1" branch-rate="1" complexity="1">
              <lines>
                <line number="76" hits="2" branch="False" />
                <line number="77" hits="2" branch="False" />
                <line number="78" hits="2" branch="False" />
              </lines>
            </method>
            <method name="op_Equality" signature="(Majik.Core.ValueObjects.LifeTotal,Majik.Core.ValueObjects.LifeTotal)" line-rate="1" branch-rate="1" complexity="1">
              <lines>
                <line number="81" hits="1" branch="False" />
                <line number="82" hits="1" branch="False" />
                <line number="83" hits="1" branch="False" />
              </lines>
            </method>
            <method name="op_Inequality" signature="(Majik.Core.ValueObjects.LifeTotal,Majik.Core.ValueObjects.LifeTotal)" line-rate="1" branch-rate="1" complexity="1">
              <lines>
                <line number="86" hits="1" branch="False" />
                <line number="87" hits="1" branch="False" />
                <line number="88" hits="1" branch="False" />
              </lines>
            </method>
            <method name="op_Implicit" signature="(Majik.Core.ValueObjects.LifeTotal)" line-rate="1" branch-rate="1" complexity="1">
              <lines>
                <line number="91" hits="1" branch="False" />
                <line number="92" hits="1" branch="False" />
                <line number="93" hits="1" branch="False" />
              </lines>
            </method>
            <method name="ToString" signature="()" line-rate="1" branch-rate="1" complexity="1">
              <lines>
                <line number="96" hits="1" branch="False" />
                <line number="97" hits="1" branch="False" />
                <line number="98" hits="1" branch="False" />
              </lines>
            </method>
            <method name=".ctor" signature="(System.Int32)" line-rate="1" branch-rate="1" complexity="1">
              <lines>
                <line number="19" hits="187" branch="False" />
                <line number="20" hits="187" branch="False" />
                <line number="21" hits="187" branch="False" />
                <line number="22" hits="187" branch="False" />
              </lines>
            </method>
          </methods>
          <lines>
            <line number="12" hits="69" branch="False" />
            <line number="17" hits="18" branch="False" />
            <line number="28" hits="171" branch="False" />
            <line number="31" hits="171" branch="False" />
            <line number="32" hits="171" branch="False" />
            <line number="37" hits="1" branch="False" />
            <line number="43" hits="3" branch="False" />
            <line number="44" hits="3" branch="True" condition-coverage="100% (2/2)">
              <conditions>
                <condition number="7" type="jump" coverage="100%" />
              </conditions>
            </line>
            <line number="45" hits="1" branch="False" />
            <line number="46" hits="1" branch="False" />
            <line number="48" hits="2" branch="False" />
            <line number="49" hits="2" branch="False" />
            <line number="55" hits="14" branch="False" />
            <line number="56" hits="14" branch="True" condition-coverage="100% (2/2)">
              <conditions>
                <condition number="7" type="jump" coverage="100%" />
              </conditions>
            </line>
            <line number="57" hits="1" branch="False" />
            <line number="58" hits="1" branch="False" />
            <line number="60" hits="13" branch="False" />
            <line number="61" hits="13" branch="False" />
            <line number="64" hits="4" branch="False" />
            <line number="65" hits="4" branch="True" condition-coverage="50% (1/2)">
              <conditions>
                <condition number="7" type="jump" coverage="50%" />
              </conditions>
            </line>
            <line number="66" hits="4" branch="True" condition-coverage="50% (1/2)">
              <conditions>
                <condition number="19" type="jump" coverage="50%" />
              </conditions>
            </line>
            <line number="67" hits="4" branch="False" />
            <line number="68" hits="4" branch="False" />
            <line number="71" hits="2" branch="False" />
            <line number="72" hits="2" branch="False" />
            <line number="73" hits="2" branch="False" />
            <line number="76" hits="2" branch="False" />
            <line number="77" hits="2" branch="False" />
            <line number="78" hits="2" branch="False" />
            <line number="81" hits="1" branch="False" />
            <line number="82" hits="1" branch="False" />
            <line number="83" hits="1" branch="False" />
            <line number="86" hits="1" branch="False" />
            <line number="87" hits="1" branch="False" />
            <line number="88" hits="1" branch="False" />
            <line number="91" hits="1" branch="False" />
            <line number="92" hits="1" branch="False" />
            <line number="93" hits="1" branch="False" />
            <line number="96" hits="1" branch="False" />
            <line number="97" hits="1" branch="False" />
            <line number="98" hits="1" branch="False" />
            <line number="19" hits="187" branch="False" />
            <line number="20" hits="187" branch="False" />
            <line number="21" hits="187" branch="False" />
            <line number="22" hits="187" branch="False" />
          </lines>
        </class>
        <class name="Majik.Core.ValueObjects.ManaCost" filename="ValueObjects/ManaCost.cs" line-rate="0.9695999999999999" branch-rate="0.9047" complexity="56">
          <methods>
            <method name="get_Generic" signature="()" line-rate="1" branch-rate="1" complexity="1">
              <lines>
                <line number="12" hits="96" branch="False" />
              </lines>
            </method>
            <method name="get_White" signature="()" line-rate="1" branch-rate="1" complexity="1">
              <lines>
                <line number="17" hits="124" branch="False" />
              </lines>
            </method>
            <method name="get_Blue" signature="()" line-rate="1" branch-rate="1" complexity="1">
              <lines>
                <line number="22" hits="124" branch="False" />
              </lines>
            </method>
            <method name="get_Black" signature="()" line-rate="1" branch-rate="1" complexity="1">
              <lines>
                <line number="27" hits="124" branch="False" />
              </lines>
            </method>
            <method name="get_Red" signature="()" line-rate="1" branch-rate="1" complexity="1">
              <lines>
                <line number="32" hits="126" branch="False" />
              </lines>
            </method>
            <method name="get_Green" signature="()" line-rate="1" branch-rate="1" complexity="1">
              <lines>
                <line number="37" hits="118" branch="False" />
              </lines>
            </method>
            <method name="get_HasX" signature="()" line-rate="1" branch-rate="1" complexity="1">
              <lines>
                <line number="42" hits="13" branch="False" />
              </lines>
            </method>
            <method name="get_TotalValue" signature="()" line-rate="1" branch-rate="1" complexity="1">
              <lines>
                <line number="47" hits="2" branch="False" />
              </lines>
            </method>
            <method name="get_IsZero" signature="()" line-rate="1" branch-rate="0.5" complexity="2">
              <lines>
                <line number="52" hits="1" branch="True" condition-coverage="50% (1/2)">
                  <conditions>
                    <condition number="6" type="jump" coverage="50%" />
                  </conditions>
                </line>
              </lines>
            </method>
            <method name="Parse" signature="(System.String)" line-rate="1" branch-rate="1" complexity="20">
              <lines>
                <line number="70" hits="175" branch="False" />
                <line number="71" hits="175" branch="True" condition-coverage="100% (2/2)">
                  <conditions>
                    <condition number="11" type="jump" coverage="100%" />
                  </conditions>
                </line>
                <line number="72" hits="20" branch="False" />
                <line number="73" hits="20" branch="False" />
                <line number="76" hits="155" branch="False" />
                <line number="77" hits="155" branch="False" />
                <line number="78" hits="155" branch="False" />
                <line number="79" hits="155" branch="False" />
                <line number="80" hits="155" branch="False" />
                <line number="81" hits="155" branch="False" />
                <line number="82" hits="155" branch="False" />
                <line number="86" hits="155" branch="False" />
                <line number="89" hits="155" branch="True" condition-coverage="100% (2/2)">
                  <conditions>
                    <condition number="64" type="jump" coverage="100%" />
                  </conditions>
                </line>
                <line number="90" hits="1" branch="False" />
                <line number="91" hits="1" branch="False" />
                <line number="92" hits="1" branch="False" />
                <line number="93" hits="1" branch="False" />
                <line number="96" hits="155" branch="False" />
                <line number="97" hits="155" branch="True" condition-coverage="100% (2/2)">
                  <conditions>
                    <condition number="115" type="jump" coverage="100%" />
                  </conditions>
                </line>
                <line number="98" hits="71" branch="False" />
                <line number="99" hits="71" branch="False" />
                <line number="100" hits="71" branch="False" />
                <line number="101" hits="71" branch="False" />
                <line number="104" hits="853" branch="True" condition-coverage="100% (2/2)">
                  <conditions>
                    <condition number="285" type="jump" coverage="100%" />
                  </conditions>
                </line>
                <line number="105" hits="194" branch="False" />
                <line number="106" hits="194" branch="True" condition-coverage="100% (12/12)">
                  <conditions>
                    <condition number="193" type="jump" coverage="100%" />
                    <condition number="199" type="jump" coverage="100%" />
                    <condition number="215" type="jump" coverage="100%" />
                    <condition number="223" type="jump" coverage="100%" />
                    <condition number="231" type="jump" coverage="100%" />
                    <condition number="207" type="jump" coverage="100%" />
                  </conditions>
                </line>
                <line number="109" hits="1" branch="False" />
                <line number="110" hits="1" branch="False" />
                <line number="112" hits="3" branch="False" />
                <line number="113" hits="3" branch="False" />
                <line number="115" hits="2" branch="False" />
                <line number="116" hits="2" branch="False" />
                <line number="118" hits="167" branch="False" />
                <line number="119" hits="167" branch="False" />
                <line number="121" hits="21" branch="False" />
                <line number="122" hits="21" branch="False" />
                <line number="124" hits="194" branch="False" />
                <line number="126" hits="155" branch="False" />
                <line number="127" hits="175" branch="False" />
              </lines>
            </method>
            <method name="get_Zero" signature="()" line-rate="1" branch-rate="1" complexity="1">
              <lines>
                <line number="132" hits="21" branch="False" />
              </lines>
            </method>
            <method name="ToString" signature="()" line-rate="0.8234999999999999" branch-rate="0.75" complexity="4">
              <lines>
                <line number="138" hits="4" branch="False" />
                <line number="139" hits="4" branch="False" />
                <line number="141" hits="4" branch="True" condition-coverage="50% (1/2)">
                  <conditions>
                    <condition number="15" type="jump" coverage="50%" />
                  </conditions>
                </line>
                <line number="142" hits="0" branch="False" />
                <line number="143" hits="0" branch="False" />
                <line number="144" hits="0" branch="False" />
                <line number="146" hits="4" branch="True" condition-coverage="100% (2/2)">
                  <conditions>
                    <condition number="42" type="jump" coverage="100%" />
                  </conditions>
                </line>
                <line number="147" hits="1" branch="False" />
                <line number="148" hits="1" branch="False" />
                <line number="149" hits="1" branch="False" />
                <line number="151" hits="4" branch="False" />
                <line number="152" hits="4" branch="False" />
                <line number="153" hits="4" branch="False" />
                <line number="154" hits="4" branch="False" />
                <line number="155" hits="4" branch="False" />
                <line number="157" hits="4" branch="False" />
                <line number="158" hits="4" branch="False" />
              </lines>
            </method>
            <method name="Equals" signature="(Majik.Core.ValueObjects.ManaCost)" line-rate="1" branch-rate="0.875" complexity="16">
              <lines>
                <line number="161" hits="4" branch="False" />
                <line number="162" hits="4" branch="True" condition-coverage="50% (1/2)">
                  <conditions>
                    <condition number="7" type="jump" coverage="50%" />
                  </conditions>
                </line>
                <line number="163" hits="4" branch="True" condition-coverage="50% (1/2)">
                  <conditions>
                    <condition number="19" type="jump" coverage="50%" />
                  </conditions>
                </line>
                <line number="165" hits="4" branch="True" condition-coverage="100% (12/12)">
                  <conditions>
                    <condition number="37" type="jump" coverage="100%" />
                    <condition number="51" type="jump" coverage="100%" />
                    <condition number="65" type="jump" coverage="100%" />
                    <condition number="79" type="jump" coverage="100%" />
                    <condition number="93" type="jump" coverage="100%" />
                    <condition number="107" type="jump" coverage="100%" />
                  </conditions>
                </line>
                <line number="166" hits="4" branch="False" />
                <line number="167" hits="4" branch="False" />
                <line number="168" hits="4" branch="False" />
                <line number="169" hits="4" branch="False" />
                <line number="170" hits="4" branch="False" />
                <line number="171" hits="4" branch="False" />
                <line number="172" hits="4" branch="False" />
              </lines>
            </method>
            <method name="Equals" signature="(System.Object)" line-rate="1" branch-rate="1" complexity="1">
              <lines>
                <line number="175" hits="2" branch="False" />
                <line number="176" hits="2" branch="False" />
                <line number="177" hits="2" branch="False" />
              </lines>
            </method>
            <method name="GetHashCode" signature="()" line-rate="1" branch-rate="1" complexity="1">
              <lines>
                <line number="180" hits="2" branch="False" />
                <line number="181" hits="2" branch="False" />
                <line number="182" hits="2" branch="False" />
              </lines>
            </method>
            <method name="op_Equality" signature="(Majik.Core.ValueObjects.ManaCost,Majik.Core.ValueObjects.ManaCost)" line-rate="1" branch-rate="1" complexity="1">
              <lines>
                <line number="185" hits="110" branch="False" />
                <line number="186" hits="110" branch="False" />
                <line number="187" hits="110" branch="False" />
              </lines>
            </method>
            <method name="op_Inequality" signature="(Majik.Core.ValueObjects.ManaCost,Majik.Core.ValueObjects.ManaCost)" line-rate="1" branch-rate="1" complexity="1">
              <lines>
                <line number="190" hits="1" branch="False" />
                <line number="191" hits="1" branch="False" />
                <line number="192" hits="1" branch="False" />
              </lines>
            </method>
            <method name=".ctor" signature="(System.Int32,System.Int32,System.Int32,System.Int32,System.Int32,System.Int32,System.Boolean)" line-rate="1" branch-rate="1" complexity="1">
              <lines>
                <line number="54" hits="176" branch="False" />
                <line number="55" hits="176" branch="False" />
                <line number="56" hits="176" branch="False" />
                <line number="57" hits="176" branch="False" />
                <line number="58" hits="176" branch="False" />
                <line number="59" hits="176" branch="False" />
                <line number="60" hits="176" branch="False" />
                <line number="61" hits="176" branch="False" />
                <line number="62" hits="176" branch="False" />
                <line number="63" hits="176" branch="False" />
              </lines>
            </method>
          </methods>
          <lines>
            <line number="12" hits="96" branch="False" />
            <line number="17" hits="124" branch="False" />
            <line number="22" hits="124" branch="False" />
            <line number="27" hits="124" branch="False" />
            <line number="32" hits="126" branch="False" />
            <line number="37" hits="118" branch="False" />
            <line number="42" hits="13" branch="False" />
            <line number="47" hits="2" branch="False" />
            <line number="52" hits="1" branch="True" condition-coverage="50% (1/2)">
              <conditions>
                <condition number="6" type="jump" coverage="50%" />
              </conditions>
            </line>
            <line number="70" hits="175" branch="False" />
            <line number="71" hits="175" branch="True" condition-coverage="100% (2/2)">
              <conditions>
                <condition number="11" type="jump" coverage="100%" />
              </conditions>
            </line>
            <line number="72" hits="20" branch="False" />
            <line number="73" hits="20" branch="False" />
            <line number="76" hits="155" branch="False" />
            <line number="77" hits="155" branch="False" />
            <line number="78" hits="155" branch="False" />
            <line number="79" hits="155" branch="False" />
            <line number="80" hits="155" branch="False" />
            <line number="81" hits="155" branch="False" />
            <line number="82" hits="155" branch="False" />
            <line number="86" hits="155" branch="False" />
            <line number="89" hits="155" branch="True" condition-coverage="100% (2/2)">
              <conditions>
                <condition number="64" type="jump" coverage="100%" />
              </conditions>
            </line>
            <line number="90" hits="1" branch="False" />
            <line number="91" hits="1" branch="False" />
            <line number="92" hits="1" branch="False" />
            <line number="93" hits="1" branch="False" />
            <line number="96" hits="155" branch="False" />
            <line number="97" hits="155" branch="True" condition-coverage="100% (2/2)">
              <conditions>
                <condition number="115" type="jump" coverage="100%" />
              </conditions>
            </line>
            <line number="98" hits="71" branch="False" />
            <line number="99" hits="71" branch="False" />
            <line number="100" hits="71" branch="False" />
            <line number="101" hits="71" branch="False" />
            <line number="104" hits="853" branch="True" condition-coverage="100% (2/2)">
              <conditions>
                <condition number="285" type="jump" coverage="100%" />
              </conditions>
            </line>
            <line number="105" hits="194" branch="False" />
            <line number="106" hits="194" branch="True" condition-coverage="100% (12/12)">
              <conditions>
                <condition number="193" type="jump" coverage="100%" />
                <condition number="199" type="jump" coverage="100%" />
                <condition number="215" type="jump" coverage="100%" />
                <condition number="223" type="jump" coverage="100%" />
                <condition number="231" type="jump" coverage="100%" />
                <condition number="207" type="jump" coverage="100%" />
              </conditions>
            </line>
            <line number="109" hits="1" branch="False" />
            <line number="110" hits="1" branch="False" />
            <line number="112" hits="3" branch="False" />
            <line number="113" hits="3" branch="False" />
            <line number="115" hits="2" branch="False" />
            <line number="116" hits="2" branch="False" />
            <line number="118" hits="167" branch="False" />
            <line number="119" hits="167" branch="False" />
            <line number="121" hits="21" branch="False" />
            <line number="122" hits="21" branch="False" />
            <line number="124" hits="194" branch="False" />
            <line number="126" hits="155" branch="False" />
            <line number="127" hits="175" branch="False" />
            <line number="132" hits="21" branch="False" />
            <line number="138" hits="4" branch="False" />
            <line number="139" hits="4" branch="False" />
            <line number="141" hits="4" branch="True" condition-coverage="50% (1/2)">
              <conditions>
                <condition number="15" type="jump" coverage="50%" />
              </conditions>
            </line>
            <line number="142" hits="0" branch="False" />
            <line number="143" hits="0" branch="False" />
            <line number="144" hits="0" branch="False" />
            <line number="146" hits="4" branch="True" condition-coverage="100% (2/2)">
              <conditions>
                <condition number="42" type="jump" coverage="100%" />
              </conditions>
            </line>
            <line number="147" hits="1" branch="False" />
            <line number="148" hits="1" branch="False" />
            <line number="149" hits="1" branch="False" />
            <line number="151" hits="4" branch="False" />
            <line number="152" hits="4" branch="False" />
            <line number="153" hits="4" branch="False" />
            <line number="154" hits="4" branch="False" />
            <line number="155" hits="4" branch="False" />
            <line number="157" hits="4" branch="False" />
            <line number="158" hits="4" branch="False" />
            <line number="161" hits="4" branch="False" />
            <line number="162" hits="4" branch="True" condition-coverage="50% (1/2)">
              <conditions>
                <condition number="7" type="jump" coverage="50%" />
              </conditions>
            </line>
            <line number="163" hits="4" branch="True" condition-coverage="50% (1/2)">
              <conditions>
                <condition number="19" type="jump" coverage="50%" />
              </conditions>
            </line>
            <line number="165" hits="4" branch="True" condition-coverage="100% (12/12)">
              <conditions>
                <condition number="37" type="jump" coverage="100%" />
                <condition number="51" type="jump" coverage="100%" />
                <condition number="65" type="jump" coverage="100%" />
                <condition number="79" type="jump" coverage="100%" />
                <condition number="93" type="jump" coverage="100%" />
                <condition number="107" type="jump" coverage="100%" />
              </conditions>
            </line>
            <line number="166" hits="4" branch="False" />
            <line number="167" hits="4" branch="False" />
            <line number="168" hits="4" branch="False" />
            <line number="169" hits="4" branch="False" />
            <line number="170" hits="4" branch="False" />
            <line number="171" hits="4" branch="False" />
            <line number="172" hits="4" branch="False" />
            <line number="175" hits="2" branch="False" />
            <line number="176" hits="2" branch="False" />
            <line number="177" hits="2" branch="False" />
            <line number="180" hits="2" branch="False" />
            <line number="181" hits="2" branch="False" />
            <line number="182" hits="2" branch="False" />
            <line number="185" hits="110" branch="False" />
            <line number="186" hits="110" branch="False" />
            <line number="187" hits="110" branch="False" />
            <line number="190" hits="1" branch="False" />
            <line number="191" hits="1" branch="False" />
            <line number="192" hits="1" branch="False" />
            <line number="54" hits="176" branch="False" />
            <line number="55" hits="176" branch="False" />
            <line number="56" hits="176" branch="False" />
            <line number="57" hits="176" branch="False" />
            <line number="58" hits="176" branch="False" />
            <line number="59" hits="176" branch="False" />
            <line number="60" hits="176" branch="False" />
            <line number="61" hits="176" branch="False" />
            <line number="62" hits="176" branch="False" />
            <line number="63" hits="176" branch="False" />
          </lines>
        </class>
        <class name="Majik.Core.ValueObjects.ManaPool" filename="ValueObjects/ManaPool.cs" line-rate="0.8656999999999999" branch-rate="0.8190999999999999" complexity="106">
          <methods>
            <method name="get_Generic" signature="()" line-rate="1" branch-rate="1" complexity="1">
              <lines>
                <line number="12" hits="106" branch="False" />
              </lines>
            </method>
            <method name="get_White" signature="()" line-rate="1" branch-rate="1" complexity="1">
              <lines>
                <line number="17" hits="135" branch="False" />
              </lines>
            </method>
            <method name="get_Blue" signature="()" line-rate="1" branch-rate="1" complexity="1">
              <lines>
                <line number="22" hits="135" branch="False" />
              </lines>
            </method>
            <method name="get_Black" signature="()" line-rate="1" branch-rate="1" complexity="1">
              <lines>
                <line number="27" hits="134" branch="False" />
              </lines>
            </method>
            <method name="get_Red" signature="()" line-rate="1" branch-rate="1" complexity="1">
              <lines>
                <line number="32" hits="142" branch="False" />
              </lines>
            </method>
            <method name="get_Green" signature="()" line-rate="1" branch-rate="1" complexity="1">
              <lines>
                <line number="37" hits="128" branch="False" />
              </lines>
            </method>
            <method name="get_Total" signature="()" line-rate="1" branch-rate="1" complexity="1">
              <lines>
                <line number="42" hits="44" branch="False" />
              </lines>
            </method>
            <method name="get_IsEmpty" signature="()" line-rate="1" branch-rate="1" complexity="1">
              <lines>
                <line number="47" hits="9" branch="False" />
              </lines>
            </method>
            <method name="get_Empty" signature="()" line-rate="1" branch-rate="1" complexity="1">
              <lines>
                <line number="67" hits="181" branch="False" />
              </lines>
            </method>
            <method name="Add" signature="(Majik.Core.ValueObjects.ManaCost)" line-rate="1" branch-rate="1" complexity="2">
              <lines>
                <line number="73" hits="33" branch="False" />
                <line number="74" hits="33" branch="True" condition-coverage="100% (2/2)">
                  <conditions>
                    <condition number="10" type="jump" coverage="100%" />
                  </conditions>
                </line>
                <line number="75" hits="1" branch="False" />
                <line number="76" hits="1" branch="False" />
                <line number="79" hits="32" branch="False" />
                <line number="80" hits="32" branch="False" />
                <line number="81" hits="32" branch="False" />
                <line number="82" hits="32" branch="False" />
                <line number="83" hits="32" branch="False" />
                <line number="84" hits="32" branch="False" />
                <line number="85" hits="32" branch="False" />
                <line number="86" hits="32" branch="False" />
                <line number="87" hits="32" branch="False" />
              </lines>
            </method>
            <method name="AddGeneric" signature="(System.Int32)" line-rate="1" branch-rate="1" complexity="2">
              <lines>
                <line number="93" hits="2" branch="False" />
                <line number="94" hits="2" branch="True" condition-coverage="100% (2/2)">
                  <conditions>
                    <condition number="7" type="jump" coverage="100%" />
                  </conditions>
                </line>
                <line number="95" hits="1" branch="False" />
                <line number="96" hits="1" branch="False" />
                <line number="99" hits="1" branch="False" />
                <line number="100" hits="1" branch="False" />
              </lines>
            </method>
            <method name="AddColored" signature="(System.Int32,System.Int32,System.Int32,System.Int32,System.Int32)" line-rate="1" branch-rate="1" complexity="10">
              <lines>
                <line number="106" hits="2" branch="False" />
                <line number="107" hits="2" branch="True" condition-coverage="100% (10/10)">
                  <conditions>
                    <condition number="3" type="jump" coverage="100%" />
                    <condition number="7" type="jump" coverage="100%" />
                    <condition number="11" type="jump" coverage="100%" />
                    <condition number="16" type="jump" coverage="100%" />
                    <condition number="28" type="jump" coverage="100%" />
                  </conditions>
                </line>
                <line number="108" hits="1" branch="False" />
                <line number="109" hits="1" branch="False" />
                <line number="112" hits="1" branch="False" />
                <line number="113" hits="1" branch="False" />
                <line number="114" hits="1" branch="False" />
                <line number="115" hits="1" branch="False" />
                <line number="116" hits="1" branch="False" />
                <line number="117" hits="1" branch="False" />
                <line number="118" hits="1" branch="False" />
                <line number="119" hits="1" branch="False" />
                <line number="120" hits="1" branch="False" />
              </lines>
            </method>
            <method name="Pay" signature="(Majik.Core.ValueObjects.ManaCost)" line-rate="0.6785" branch-rate="0.8" complexity="30">
              <lines>
                <line number="127" hits="13" branch="False" />
                <line number="128" hits="13" branch="True" condition-coverage="100% (2/2)">
                  <conditions>
                    <condition number="12" type="jump" coverage="100%" />
                  </conditions>
                </line>
                <line number="129" hits="1" branch="False" />
                <line number="130" hits="1" branch="False" />
                <line number="134" hits="12" branch="True" condition-coverage="100% (2/2)">
                  <conditions>
                    <condition number="40" type="jump" coverage="100%" />
                  </conditions>
                </line>
                <line number="135" hits="2" branch="False" />
                <line number="136" hits="2" branch="False" />
                <line number="140" hits="10" branch="False" />
                <line number="141" hits="10" branch="False" />
                <line number="142" hits="10" branch="False" />
                <line number="143" hits="10" branch="False" />
                <line number="144" hits="10" branch="False" />
                <line number="145" hits="10" branch="False" />
                <line number="148" hits="10" branch="False" />
                <line number="149" hits="10" branch="False" />
                <line number="150" hits="10" branch="False" />
                <line number="151" hits="10" branch="False" />
                <line number="152" hits="10" branch="False" />
                <line number="155" hits="10" branch="False" />
                <line number="156" hits="10" branch="False" />
                <line number="158" hits="10" branch="True" condition-coverage="50% (1/2)">
                  <conditions>
                    <condition number="213" type="jump" coverage="50%" />
                  </conditions>
                </line>
                <line number="159" hits="0" branch="False" />
                <line number="160" hits="0" branch="False" />
                <line number="164" hits="11" branch="True" condition-coverage="100% (4/4)">
                  <conditions>
                    <condition number="260" type="jump" coverage="100%" />
                    <condition number="247" type="jump" coverage="100%" />
                  </conditions>
                </line>
                <line number="165" hits="1" branch="False" />
                <line number="166" hits="1" branch="False" />
                <line number="167" hits="1" branch="False" />
                <line number="168" hits="1" branch="False" />
                <line number="170" hits="10" branch="True" condition-coverage="75% (3/4)">
                  <conditions>
                    <condition number="292" type="jump" coverage="50%" />
                    <condition number="279" type="jump" coverage="100%" />
                  </conditions>
                </line>
                <line number="171" hits="0" branch="False" />
                <line number="172" hits="0" branch="False" />
                <line number="173" hits="0" branch="False" />
                <line number="174" hits="0" branch="False" />
                <line number="176" hits="10" branch="True" condition-coverage="75% (3/4)">
                  <conditions>
                    <condition number="324" type="jump" coverage="50%" />
                    <condition number="311" type="jump" coverage="100%" />
                  </conditions>
                </line>
                <line number="177" hits="0" branch="False" />
                <line number="178" hits="0" branch="False" />
                <line number="179" hits="0" branch="False" />
                <line number="180" hits="0" branch="False" />
                <line number="182" hits="10" branch="True" condition-coverage="75% (3/4)">
                  <conditions>
                    <condition number="356" type="jump" coverage="50%" />
                    <condition number="343" type="jump" coverage="100%" />
                  </conditions>
                </line>
                <line number="183" hits="0" branch="False" />
                <line number="184" hits="0" branch="False" />
                <line number="185" hits="0" branch="False" />
                <line number="186" hits="0" branch="False" />
                <line number="188" hits="12" branch="True" condition-coverage="100% (4/4)">
                  <conditions>
                    <condition number="391" type="jump" coverage="100%" />
                    <condition number="377" type="jump" coverage="100%" />
                  </conditions>
                </line>
                <line number="189" hits="2" branch="False" />
                <line number="190" hits="2" branch="False" />
                <line number="191" hits="2" branch="False" />
                <line number="192" hits="2" branch="False" />
                <line number="194" hits="10" branch="True" condition-coverage="50% (2/4)">
                  <conditions>
                    <condition number="426" type="jump" coverage="50%" />
                    <condition number="412" type="jump" coverage="50%" />
                  </conditions>
                </line>
                <line number="195" hits="0" branch="False" />
                <line number="196" hits="0" branch="False" />
                <line number="197" hits="0" branch="False" />
                <line number="198" hits="0" branch="False" />
                <line number="200" hits="10" branch="False" />
                <line number="201" hits="10" branch="False" />
                <line number="202" hits="12" branch="False" />
              </lines>
            </method>
            <method name="CanPay" signature="(Majik.Core.ValueObjects.ManaCost)" line-rate="1" branch-rate="1" complexity="12">
              <lines>
                <line number="208" hits="35" branch="False" />
                <line number="209" hits="35" branch="True" condition-coverage="100% (2/2)">
                  <conditions>
                    <condition number="10" type="jump" coverage="100%" />
                  </conditions>
                </line>
                <line number="210" hits="1" branch="False" />
                <line number="211" hits="1" branch="False" />
                <line number="215" hits="34" branch="True" condition-coverage="100% (10/10)">
                  <conditions>
                    <condition number="33" type="jump" coverage="100%" />
                    <condition number="47" type="jump" coverage="100%" />
                    <condition number="61" type="jump" coverage="100%" />
                    <condition number="75" type="jump" coverage="100%" />
                    <condition number="98" type="jump" coverage="100%" />
                  </conditions>
                </line>
                <line number="216" hits="6" branch="False" />
                <line number="217" hits="6" branch="False" />
                <line number="221" hits="28" branch="False" />
                <line number="222" hits="28" branch="False" />
                <line number="223" hits="28" branch="False" />
                <line number="225" hits="28" branch="False" />
                <line number="226" hits="35" branch="False" />
              </lines>
            </method>
            <method name="EmptyPool" signature="()" line-rate="1" branch-rate="1" complexity="1">
              <lines>
                <line number="232" hits="2" branch="False" />
                <line number="233" hits="2" branch="False" />
                <line number="234" hits="2" branch="False" />
              </lines>
            </method>
            <method name="Equals" signature="(Majik.Core.ValueObjects.ManaPool)" line-rate="1" branch-rate="0.9166" complexity="12">
              <lines>
                <line number="237" hits="4" branch="False" />
                <line number="238" hits="4" branch="True" condition-coverage="50% (1/2)">
                  <conditions>
                    <condition number="7" type="jump" coverage="50%" />
                  </conditions>
                </line>
                <line number="239" hits="4" branch="True" condition-coverage="100% (10/10)">
                  <conditions>
                    <condition number="25" type="jump" coverage="100%" />
                    <condition number="39" type="jump" coverage="100%" />
                    <condition number="53" type="jump" coverage="100%" />
                    <condition number="67" type="jump" coverage="100%" />
                    <condition number="81" type="jump" coverage="100%" />
                  </conditions>
                </line>
                <line number="240" hits="4" branch="False" />
                <line number="241" hits="4" branch="False" />
                <line number="242" hits="4" branch="False" />
                <line number="243" hits="4" branch="False" />
                <line number="244" hits="4" branch="False" />
                <line number="245" hits="4" branch="False" />
              </lines>
            </method>
            <method name="Equals" signature="(System.Object)" line-rate="1" branch-rate="1" complexity="1">
              <lines>
                <line number="248" hits="2" branch="False" />
                <line number="249" hits="2" branch="False" />
                <line number="250" hits="2" branch="False" />
              </lines>
            </method>
            <method name="GetHashCode" signature="()" line-rate="1" branch-rate="1" complexity="1">
              <lines>
                <line number="253" hits="2" branch="False" />
                <line number="254" hits="2" branch="False" />
                <line number="255" hits="2" branch="False" />
              </lines>
            </method>
            <method name="ToString" signature="()" line-rate="1" branch-rate="0.7142000000000001" complexity="14">
              <lines>
                <line number="258" hits="3" branch="False" />
                <line number="259" hits="3" branch="False" />
                <line number="260" hits="4" branch="True" condition-coverage="100% (2/2)">
                  <conditions>
                    <condition number="18" type="jump" coverage="100%" />
                  </conditions>
                </line>
                <line number="261" hits="3" branch="True" condition-coverage="50% (1/2)">
                  <conditions>
                    <condition number="68" type="jump" coverage="50%" />
                  </conditions>
                </line>
                <line number="262" hits="3" branch="True" condition-coverage="50% (1/2)">
                  <conditions>
                    <condition number="133" type="jump" coverage="50%" />
                  </conditions>
                </line>
                <line number="263" hits="3" branch="True" condition-coverage="50% (1/2)">
                  <conditions>
                    <condition number="198" type="jump" coverage="50%" />
                  </conditions>
                </line>
                <line number="264" hits="5" branch="True" condition-coverage="100% (2/2)">
                  <conditions>
                    <condition number="263" type="jump" coverage="100%" />
                  </conditions>
                </line>
                <line number="265" hits="3" branch="True" condition-coverage="50% (1/2)">
                  <conditions>
                    <condition number="328" type="jump" coverage="50%" />
                  </conditions>
                </line>
                <line number="266" hits="3" branch="True" condition-coverage="100% (2/2)">
                  <conditions>
                    <condition number="387" type="jump" coverage="100%" />
                  </conditions>
                </line>
                <line number="267" hits="3" branch="False" />
              </lines>
            </method>
            <method name=".ctor" signature="(System.Int32,System.Int32,System.Int32,System.Int32,System.Int32,System.Int32)" line-rate="0.8332999999999999" branch-rate="0.5" complexity="12">
              <lines>
                <line number="49" hits="225" branch="False" />
                <line number="50" hits="225" branch="False" />
                <line number="51" hits="225" branch="True" condition-coverage="50% (6/12)">
                  <conditions>
                    <condition number="10" type="jump" coverage="50%" />
                    <condition number="14" type="jump" coverage="50%" />
                    <condition number="18" type="jump" coverage="50%" />
                    <condition number="23" type="jump" coverage="50%" />
                    <condition number="28" type="jump" coverage="50%" />
                    <condition number="40" type="jump" coverage="50%" />
                  </conditions>
                </line>
                <line number="52" hits="0" branch="False" />
                <line number="53" hits="0" branch="False" />
                <line number="56" hits="225" branch="False" />
                <line number="57" hits="225" branch="False" />
                <line number="58" hits="225" branch="False" />
                <line number="59" hits="225" branch="False" />
                <line number="60" hits="225" branch="False" />
                <line number="61" hits="225" branch="False" />
                <line number="62" hits="225" branch="False" />
              </lines>
            </method>
          </methods>
          <lines>
            <line number="12" hits="106" branch="False" />
            <line number="17" hits="135" branch="False" />
            <line number="22" hits="135" branch="False" />
            <line number="27" hits="134" branch="False" />
            <line number="32" hits="142" branch="False" />
            <line number="37" hits="128" branch="False" />
            <line number="42" hits="44" branch="False" />
            <line number="47" hits="9" branch="False" />
            <line number="67" hits="181" branch="False" />
            <line number="73" hits="33" branch="False" />
            <line number="74" hits="33" branch="True" condition-coverage="100% (2/2)">
              <conditions>
                <condition number="10" type="jump" coverage="100%" />
              </conditions>
            </line>
            <line number="75" hits="1" branch="False" />
            <line number="76" hits="1" branch="False" />
            <line number="79" hits="32" branch="False" />
            <line number="80" hits="32" branch="False" />
            <line number="81" hits="32" branch="False" />
            <line number="82" hits="32" branch="False" />
            <line number="83" hits="32" branch="False" />
            <line number="84" hits="32" branch="False" />
            <line number="85" hits="32" branch="False" />
            <line number="86" hits="32" branch="False" />
            <line number="87" hits="32" branch="False" />
            <line number="93" hits="2" branch="False" />
            <line number="94" hits="2" branch="True" condition-coverage="100% (2/2)">
              <conditions>
                <condition number="7" type="jump" coverage="100%" />
              </conditions>
            </line>
            <line number="95" hits="1" branch="False" />
            <line number="96" hits="1" branch="False" />
            <line number="99" hits="1" branch="False" />
            <line number="100" hits="1" branch="False" />
            <line number="106" hits="2" branch="False" />
            <line number="107" hits="2" branch="True" condition-coverage="100% (10/10)">
              <conditions>
                <condition number="3" type="jump" coverage="100%" />
                <condition number="7" type="jump" coverage="100%" />
                <condition number="11" type="jump" coverage="100%" />
                <condition number="16" type="jump" coverage="100%" />
                <condition number="28" type="jump" coverage="100%" />
              </conditions>
            </line>
            <line number="108" hits="1" branch="False" />
            <line number="109" hits="1" branch="False" />
            <line number="112" hits="1" branch="False" />
            <line number="113" hits="1" branch="False" />
            <line number="114" hits="1" branch="False" />
            <line number="115" hits="1" branch="False" />
            <line number="116" hits="1" branch="False" />
            <line number="117" hits="1" branch="False" />
            <line number="118" hits="1" branch="False" />
            <line number="119" hits="1" branch="False" />
            <line number="120" hits="1" branch="False" />
            <line number="127" hits="13" branch="False" />
            <line number="128" hits="13" branch="True" condition-coverage="100% (2/2)">
              <conditions>
                <condition number="12" type="jump" coverage="100%" />
              </conditions>
            </line>
            <line number="129" hits="1" branch="False" />
            <line number="130" hits="1" branch="False" />
            <line number="134" hits="12" branch="True" condition-coverage="100% (2/2)">
              <conditions>
                <condition number="40" type="jump" coverage="100%" />
              </conditions>
            </line>
            <line number="135" hits="2" branch="False" />
            <line number="136" hits="2" branch="False" />
            <line number="140" hits="10" branch="False" />
            <line number="141" hits="10" branch="False" />
            <line number="142" hits="10" branch="False" />
            <line number="143" hits="10" branch="False" />
            <line number="144" hits="10" branch="False" />
            <line number="145" hits="10" branch="False" />
            <line number="148" hits="10" branch="False" />
            <line number="149" hits="10" branch="False" />
            <line number="150" hits="10" branch="False" />
            <line number="151" hits="10" branch="False" />
            <line number="152" hits="10" branch="False" />
            <line number="155" hits="10" branch="False" />
            <line number="156" hits="10" branch="False" />
            <line number="158" hits="10" branch="True" condition-coverage="50% (1/2)">
              <conditions>
                <condition number="213" type="jump" coverage="50%" />
              </conditions>
            </line>
            <line number="159" hits="0" branch="False" />
            <line number="160" hits="0" branch="False" />
            <line number="164" hits="11" branch="True" condition-coverage="100% (4/4)">
              <conditions>
                <condition number="260" type="jump" coverage="100%" />
                <condition number="247" type="jump" coverage="100%" />
              </conditions>
            </line>
            <line number="165" hits="1" branch="False" />
            <line number="166" hits="1" branch="False" />
            <line number="167" hits="1" branch="False" />
            <line number="168" hits="1" branch="False" />
            <line number="170" hits="10" branch="True" condition-coverage="75% (3/4)">
              <conditions>
                <condition number="292" type="jump" coverage="50%" />
                <condition number="279" type="jump" coverage="100%" />
[...]
            <line number="16" hits="0" branch="False" />
            <line number="17" hits="0" branch="False" />
          </lines>
        </class>
        <class name="Majik.Core.Abilities.TriggeredAbility" filename="Abilities/TriggeredAbility.cs" line-rate="0.41659999999999997" branch-rate="0.3333" complexity="21">
          <methods>
            <method name="get_Id" signature="()" line-rate="0" branch-rate="1" complexity="1">
              <lines>
                <line number="17" hits="0" branch="False" />
              </lines>
            </method>
            <method name="get_Controller" signature="()" line-rate="0" branch-rate="1" complexity="1">
              <lines>
                <line number="18" hits="0" branch="False" />
              </lines>
            </method>
            <method name="get_Timestamp" signature="()" line-rate="0" branch-rate="1" complexity="1">
              <lines>
                <line number="19" hits="0" branch="False" />
              </lines>
            </method>
            <method name="get_Source" signature="()" line-rate="0" branch-rate="1" complexity="1">
              <lines>
                <line number="20" hits="0" branch="False" />
              </lines>
            </method>
            <method name="get_Targets" signature="()" line-rate="0" branch-rate="1" complexity="1">
              <lines>
                <line number="21" hits="0" branch="False" />
              </lines>
            </method>
            <method name="get_Effects" signature="()" line-rate="0" branch-rate="1" complexity="1">
              <lines>
                <line number="22" hits="0" branch="False" />
              </lines>
            </method>
            <method name="get_IsResolving" signature="()" line-rate="0" branch-rate="1" complexity="1">
              <lines>
                <line number="23" hits="0" branch="False" />
              </lines>
            </method>
            <method name="IsTriggered" signature="()" line-rate="1" branch-rate="1" complexity="1">
              <lines>
                <line number="55" hits="1" branch="False" />
                <line number="58" hits="1" branch="False" />
                <line number="59" hits="1" branch="False" />
              </lines>
            </method>
            <method name="CanBePutOnStack" signature="()" line-rate="1" branch-rate="1" complexity="1">
              <lines>
                <line number="62" hits="1" branch="False" />
                <line number="65" hits="1" branch="False" />
                <line number="66" hits="1" branch="False" />
              </lines>
            </method>
            <method name="Resolve" signature="()" line-rate="0" branch-rate="0" complexity="4">
              <lines>
                <line number="69" hits="0" branch="False" />
                <line number="70" hits="0" branch="True" condition-coverage="0% (0/2)">
                  <conditions>
                    <condition number="14" type="jump" coverage="0%" />
                  </conditions>
                </line>
                <line number="71" hits="0" branch="False" />
                <line number="72" hits="0" branch="False" />
                <line number="75" hits="0" branch="False" />
                <line number="79" hits="0" branch="True" condition-coverage="0% (0/2)">
                  <conditions>
                    <condition number="78" type="jump" coverage="0%" />
                  </conditions>
                </line>
                <line number="80" hits="0" branch="False" />
                <line number="81" hits="0" branch="False" />
                <line number="82" hits="0" branch="False" />
                <line number="84" hits="0" branch="False" />
                <line number="85" hits="0" branch="False" />
              </lines>
            </method>
            <method name=".ctor" signature="(System.Object,Majik.Core.Players.Player,System.Collections.Generic.IEnumerable`1&lt;Majik.Core.Targeting.ITarget&gt;,System.Collections.Generic.IEnumerable`1&lt;Majik.Core.Abilities.IEffect&gt;)" line-rate="0.5832999999999999" branch-rate="0.5" complexity="8">
              <lines>
                <line number="14" hits="5" branch="False" />
                <line number="15" hits="5" branch="False" />
                <line number="25" hits="5" branch="False" />
                <line number="26" hits="5" branch="False" />
                <line number="27" hits="5" branch="True" condition-coverage="50% (1/2)">
                  <conditions>
                    <condition number="36" type="jump" coverage="50%" />
                  </conditions>
                </line>
                <line number="28" hits="0" branch="False" />
                <line number="29" hits="0" branch="False" />
                <line number="32" hits="5" branch="True" condition-coverage="50% (1/2)">
                  <conditions>
                    <condition number="56" type="jump" coverage="50%" />
                  </conditions>
                </line>
                <line number="33" hits="0" branch="False" />
                <line number="34" hits="0" branch="False" />
                <line number="37" hits="5" branch="False" />
                <line number="38" hits="5" branch="False" />
                <line number="39" hits="5" branch="False" />
                <line number="40" hits="5" branch="False" />
                <line number="41" hits="5" branch="False" />
                <line number="43" hits="5" branch="True" condition-coverage="50% (1/2)">
                  <conditions>
                    <condition number="123" type="jump" coverage="50%" />
                  </conditions>
                </line>
                <line number="44" hits="0" branch="False" />
                <line number="45" hits="0" branch="False" />
                <line number="46" hits="0" branch="False" />
                <line number="48" hits="5" branch="True" condition-coverage="50% (1/2)">
                  <conditions>
                    <condition number="147" type="jump" coverage="50%" />
                  </conditions>
                </line>
                <line number="49" hits="0" branch="False" />
                <line number="50" hits="0" branch="False" />
                <line number="51" hits="0" branch="False" />
                <line number="52" hits="5" branch="False" />
              </lines>
            </method>
          </methods>
          <lines>
            <line number="17" hits="0" branch="False" />
            <line number="18" hits="0" branch="False" />
            <line number="19" hits="0" branch="False" />
            <line number="20" hits="0" branch="False" />
            <line number="21" hits="0" branch="False" />
            <line number="22" hits="0" branch="False" />
            <line number="23" hits="0" branch="False" />
            <line number="55" hits="1" branch="False" />
            <line number="58" hits="1" branch="False" />
            <line number="59" hits="1" branch="False" />
            <line number="62" hits="1" branch="False" />
            <line number="65" hits="1" branch="False" />
            <line number="66" hits="1" branch="False" />
            <line number="69" hits="0" branch="False" />
            <line number="70" hits="0" branch="True" condition-coverage="0% (0/2)">
              <conditions>
                <condition number="14" type="jump" coverage="0%" />
              </conditions>
            </line>
            <line number="71" hits="0" branch="False" />
            <line number="72" hits="0" branch="False" />
            <line number="75" hits="0" branch="False" />
            <line number="79" hits="0" branch="True" condition-coverage="0% (0/2)">
              <conditions>
                <condition number="78" type="jump" coverage="0%" />
              </conditions>
            </line>
            <line number="80" hits="0" branch="False" />
            <line number="81" hits="0" branch="False" />
            <line number="82" hits="0" branch="False" />
            <line number="84" hits="0" branch="False" />
            <line number="85" hits="0" branch="False" />
            <line number="14" hits="5" branch="False" />
            <line number="15" hits="5" branch="False" />
            <line number="25" hits="5" branch="False" />
            <line number="26" hits="5" branch="False" />
            <line number="27" hits="5" branch="True" condition-coverage="50% (1/2)">
              <conditions>
                <condition number="36" type="jump" coverage="50%" />
              </conditions>
            </line>
            <line number="28" hits="0" branch="False" />
            <line number="29" hits="0" branch="False" />
            <line number="32" hits="5" branch="True" condition-coverage="50% (1/2)">
              <conditions>
                <condition number="56" type="jump" coverage="50%" />
              </conditions>
            </line>
            <line number="33" hits="0" branch="False" />
            <line number="34" hits="0" branch="False" />
            <line number="37" hits="5" branch="False" />
            <line number="38" hits="5" branch="False" />
            <line number="39" hits="5" branch="False" />
            <line number="40" hits="5" branch="False" />
            <line number="41" hits="5" branch="False" />
            <line number="43" hits="5" branch="True" condition-coverage="50% (1/2)">
              <conditions>
                <condition number="123" type="jump" coverage="50%" />
              </conditions>
            </line>
            <line number="44" hits="0" branch="False" />
            <line number="45" hits="0" branch="False" />
            <line number="46" hits="0" branch="False" />
            <line number="48" hits="5" branch="True" condition-coverage="50% (1/2)">
              <conditions>
                <condition number="147" type="jump" coverage="50%" />
              </conditions>
            </line>
            <line number="49" hits="0" branch="False" />
            <line number="50" hits="0" branch="False" />
            <line number="51" hits="0" branch="False" />
            <line number="52" hits="5" branch="False" />
          </lines>
        </class>
        <class name="Majik.Core.Abilities.TriggerManager" filename="Abilities/TriggerManager.cs" line-rate="0.9523" branch-rate="0.8" complexity="21">
          <methods>
            <method name="RegisterTriggeredAbility" signature="(Majik.Core.Abilities.ITriggeredAbility)" line-rate="1" branch-rate="1" complexity="4">
              <lines>
                <line number="27" hits="6" branch="False" />
                <line number="28" hits="6" branch="True" condition-coverage="100% (2/2)">
                  <conditions>
                    <condition number="7" type="jump" coverage="100%" />
                  </conditions>
                </line>
                <line number="29" hits="1" branch="False" />
                <line number="30" hits="1" branch="False" />
                <line number="33" hits="5" branch="True" condition-coverage="100% (2/2)">
                  <conditions>
                    <condition number="38" type="jump" coverage="100%" />
                  </conditions>
                </line>
                <line number="34" hits="5" branch="False" />
                <line number="35" hits="5" branch="False" />
                <line number="36" hits="5" branch="False" />
                <line number="37" hits="5" branch="False" />
              </lines>
            </method>
            <method name="UnregisterTriggeredAbility" signature="(Majik.Core.Abilities.ITriggeredAbility)" line-rate="0.6666" branch-rate="0.5" complexity="2">
              <lines>
                <line number="43" hits="1" branch="False" />
                <line number="44" hits="1" branch="True" condition-coverage="50% (1/2)">
                  <conditions>
                    <condition number="7" type="jump" coverage="50%" />
                  </conditions>
                </line>
                <line number="45" hits="0" branch="False" />
                <line number="46" hits="0" branch="False" />
                <line number="49" hits="1" branch="False" />
                <line number="50" hits="1" branch="False" />
              </lines>
            </method>
            <method name="EvaluateTriggers" signature="(Majik.Core.Events.GameEvent)" line-rate="1" branch-rate="0.8332999999999999" complexity="12">
              <lines>
                <line number="57" hits="2" branch="False" />
                <line number="58" hits="2" branch="True" condition-coverage="100% (2/2)">
                  <conditions>
                    <condition number="7" type="jump" coverage="100%" />
                  </conditions>
                </line>
                <line number="59" hits="1" branch="False" />
                <line number="60" hits="1" branch="False" />
                <line number="63" hits="1" branch="False" />
                <line number="66" hits="5" branch="True" condition-coverage="100% (2/2)">
                  <conditions>
                    <condition number="91" type="jump" coverage="100%" />
                  </conditions>
                </line>
                <line number="67" hits="1" branch="False" />
                <line number="68" hits="1" branch="True" condition-coverage="75% (3/4)">
                  <conditions>
                    <condition number="56" type="jump" coverage="50%" />
                    <condition number="71" type="jump" coverage="100%" />
                  </conditions>
                </line>
                <line number="69" hits="1" branch="False" />
                <line number="70" hits="1" branch="False" />
                <line number="71" hits="1" branch="False" />
                <line number="72" hits="1" branch="False" />
                <line number="75" hits="5" branch="True" condition-coverage="100% (2/2)">
                  <conditions>
                    <condition number="179" type="jump" coverage="100%" />
                  </conditions>
                </line>
                <line number="76" hits="1" branch="False" />
                <line number="77" hits="1" branch="False" />
                <line number="78" hits="1" branch="True" condition-coverage="50% (1/2)">
                  <conditions>
                    <condition number="152" type="jump" coverage="50%" />
                  </conditions>
                </line>
                <line number="79" hits="1" branch="False" />
                <line number="80" hits="2" branch="False" />
              </lines>
            </method>
            <method name="Clear" signature="()" line-rate="1" branch-rate="1" complexity="1">
              <lines>
                <line number="86" hits="1" branch="False" />
                <line number="87" hits="1" branch="False" />
                <line number="88" hits="1" branch="False" />
              </lines>
            </method>
            <method name=".ctor" signature="(Majik.Core.Stack.Stack,Majik.Core.Events.IEventBus)" line-rate="1" branch-rate="0.5" complexity="2">
              <lines>
                <line number="13" hits="6" branch="False" />
                <line number="17" hits="6" branch="False" />
                <line number="18" hits="6" branch="False" />
                <line number="19" hits="6" branch="True" condition-coverage="50% (1/2)">
                  <conditions>
                    <condition number="22" type="jump" coverage="50%" />
                  </conditions>
                </line>
                <line number="20" hits="6" branch="False" />
                <line number="21" hits="6" branch="False" />
              </lines>
            </method>
          </methods>
          <lines>
            <line number="27" hits="6" branch="False" />
            <line number="28" hits="6" branch="True" condition-coverage="100% (2/2)">
              <conditions>
                <condition number="7" type="jump" coverage="100%" />
              </conditions>
            </line>
            <line number="29" hits="1" branch="False" />
            <line number="30" hits="1" branch="False" />
            <line number="33" hits="5" branch="True" condition-coverage="100% (2/2)">
              <conditions>
                <condition number="38" type="jump" coverage="100%" />
              </conditions>
            </line>
            <line number="34" hits="5" branch="False" />
            <line number="35" hits="5" branch="False" />
            <line number="36" hits="5" branch="False" />
            <line number="37" hits="5" branch="False" />
            <line number="43" hits="1" branch="False" />
            <line number="44" hits="1" branch="True" condition-coverage="50% (1/2)">
              <conditions>
                <condition number="7" type="jump" coverage="50%" />
              </conditions>
            </line>
            <line number="45" hits="0" branch="False" />
            <line number="46" hits="0" branch="False" />
            <line number="49" hits="1" branch="False" />
            <line number="50" hits="1" branch="False" />
            <line number="57" hits="2" branch="False" />
            <line number="58" hits="2" branch="True" condition-coverage="100% (2/2)">
              <conditions>
                <condition number="7" type="jump" coverage="100%" />
              </conditions>
            </line>
            <line number="59" hits="1" branch="False" />
            <line number="60" hits="1" branch="False" />
            <line number="63" hits="1" branch="False" />
            <line number="66" hits="5" branch="True" condition-coverage="100% (2/2)">
              <conditions>
                <condition number="91" type="jump" coverage="100%" />
              </conditions>
            </line>
            <line number="67" hits="1" branch="False" />
            <line number="68" hits="1" branch="True" condition-coverage="75% (3/4)">
              <conditions>
                <condition number="56" type="jump" coverage="50%" />
                <condition number="71" type="jump" coverage="100%" />
              </conditions>
            </line>
            <line number="69" hits="1" branch="False" />
            <line number="70" hits="1" branch="False" />
            <line number="71" hits="1" branch="False" />
            <line number="72" hits="1" branch="False" />
            <line number="75" hits="5" branch="True" condition-coverage="100% (2/2)">
              <conditions>
                <condition number="179" type="jump" coverage="100%" />
              </conditions>
            </line>
            <line number="76" hits="1" branch="False" />
            <line number="77" hits="1" branch="False" />
            <line number="78" hits="1" branch="True" condition-coverage="50% (1/2)">
              <conditions>
                <condition number="152" type="jump" coverage="50%" />
              </conditions>
            </line>
            <line number="79" hits="1" branch="False" />
            <line number="80" hits="2" branch="False" />
            <line number="86" hits="1" branch="False" />
            <line number="87" hits="1" branch="False" />
            <line number="88" hits="1" branch="False" />
            <line number="13" hits="6" branch="False" />
            <line number="17" hits="6" branch="False" />
            <line number="18" hits="6" branch="False" />
            <line number="19" hits="6" branch="True" condition-coverage="50% (1/2)">
              <conditions>
                <condition number="22" type="jump" coverage="50%" />
              </conditions>
            </line>
            <line number="20" hits="6" branch="False" />
            <line number="21" hits="6" branch="False" />
          </lines>
        </class>
      </classes>
    </package>
  </packages>
</coverage>